<?xml version="1.0" encoding="UTF-8"?>
<!-- Generated by org.testng.reporters.JUnitXMLReporter -->
<testsuite hostname="mmansilla" name="Command line test" tests="4" failures="1" timestamp="11 Oct 2017 01:09:55 GMT" time="24.627" errors="0">
  <testcase name="testAccessingMainPage" time="5.653" classname="com.belatrixsf.app.test.TestEBay"/>
  <testcase name="testFilteringByBrand" time="2.91" classname="com.belatrixsf.app.test.TestEBay"/>
  <testcase name="testFilteringBySize" time="3.976" classname="com.belatrixsf.app.test.TestEBay">
    <failure type="java.lang.AssertionError" message="Page Not Found expected [shoes | eBay] but found [shoe]">
      <![CDATA[java.lang.AssertionError: Page Not Found expected [shoes | eBay] but found [shoe]
	at com.belatrixsf.app.test.TestEBay.testFilteringBySize(TestEBay.java:51)
... Removed 38 stack frames]]>
    </failure>
  </testcase> <!-- testFilteringBySize -->
  <testcase name="testPrintResult" time="0.108" classname="com.belatrixsf.app.test.TestEBay"/>
</testsuite> <!-- Command line test -->
